[Fri Aug 30 02:05:31.928948 2019] [mpm_winnt:notice] [pid 19140:tid 904] AH00431: Parent: Forcing termination of child process 13356
AH00558: httpd.exe: Could not reliably determine the server's fully qualified domain name, using fe80::d8d9:f69e:d0e1:d673. Set the 'ServerName' directive globally to suppress this message
[Fri Aug 30 02:05:43.158743 2019] [mpm_winnt:notice] [pid 24888:tid 904] AH00455: Apache/2.4.41 (Win32) configured -- resuming normal operations
[Fri Aug 30 02:05:43.158743 2019] [mpm_winnt:notice] [pid 24888:tid 904] AH00456: Server built: Aug  9 2019 13:58:07
[Fri Aug 30 02:05:43.158743 2019] [core:notice] [pid 24888:tid 904] AH00094: Command line: 'C:\\Users\\Ricardo\\Downloads\\httpd-2.4.41-o102s-x86-vc14-r2\\Apache24\\bin\\httpd.exe -d C:/Users/Ricardo/Downloads/httpd-2.4.41-o102s-x86-vc14-r2/Apache24'
[Fri Aug 30 02:05:43.163730 2019] [mpm_winnt:notice] [pid 24888:tid 904] AH00418: Parent: Created child process 16388
AH00558: httpd.exe: Could not reliably determine the server's fully qualified domain name, using fe80::d8d9:f69e:d0e1:d673. Set the 'ServerName' directive globally to suppress this message
AH00558: httpd.exe: Could not reliably determine the server's fully qualified domain name, using fe80::d8d9:f69e:d0e1:d673. Set the 'ServerName' directive globally to suppress this message
[Fri Aug 30 02:05:45.222188 2019] [mpm_winnt:notice] [pid 16388:tid 860] AH00354: Child: Starting 64 worker threads.
[Fri Aug 30 02:07:36.039503 2019] [mpm_winnt:notice] [pid 24888:tid 904] AH00424: Parent: Received restart signal -- Restarting the server.
AH00558: httpd.exe: Could not reliably determine the server's fully qualified domain name, using fe80::d8d9:f69e:d0e1:d673. Set the 'ServerName' directive globally to suppress this message
[Fri Aug 30 02:07:36.891592 2019] [mpm_winnt:notice] [pid 24888:tid 904] AH00455: Apache/2.4.41 (Win32) configured -- resuming normal operations
[Fri Aug 30 02:07:36.891592 2019] [mpm_winnt:notice] [pid 24888:tid 904] AH00456: Server built: Aug  9 2019 13:58:07
[Fri Aug 30 02:07:36.891592 2019] [core:notice] [pid 24888:tid 904] AH00094: Command line: 'C:\\Users\\Ricardo\\Downloads\\httpd-2.4.41-o102s-x86-vc14-r2\\Apache24\\bin\\httpd.exe -d C:/Users/Ricardo/Downloads/httpd-2.4.41-o102s-x86-vc14-r2/Apache24'
[Fri Aug 30 02:07:36.895594 2019] [mpm_winnt:notice] [pid 24888:tid 904] AH00418: Parent: Created child process 14676
AH00558: httpd.exe: Could not reliably determine the server's fully qualified domain name, using fe80::d8d9:f69e:d0e1:d673. Set the 'ServerName' directive globally to suppress this message
AH00558: httpd.exe: Could not reliably determine the server's fully qualified domain name, using fe80::d8d9:f69e:d0e1:d673. Set the 'ServerName' directive globally to suppress this message
[Fri Aug 30 02:07:38.945657 2019] [mpm_winnt:notice] [pid 14676:tid 876] AH00354: Child: Starting 64 worker threads.
[Fri Aug 30 02:08:22.671457 2019] [mpm_winnt:notice] [pid 24888:tid 904] AH00424: Parent: Received restart signal -- Restarting the server.
AH00558: httpd.exe: Could not reliably determine the server's fully qualified domain name, using fe80::d8d9:f69e:d0e1:d673. Set the 'ServerName' directive globally to suppress this message
[Fri Aug 30 02:08:23.535579 2019] [mpm_winnt:notice] [pid 24888:tid 904] AH00455: Apache/2.4.41 (Win32) configured -- resuming normal operations
[Fri Aug 30 02:08:23.535579 2019] [mpm_winnt:notice] [pid 24888:tid 904] AH00456: Server built: Aug  9 2019 13:58:07
[Fri Aug 30 02:08:23.535579 2019] [core:notice] [pid 24888:tid 904] AH00094: Command line: 'C:\\Users\\Ricardo\\Downloads\\httpd-2.4.41-o102s-x86-vc14-r2\\Apache24\\bin\\httpd.exe -d C:/Users/Ricardo/Downloads/httpd-2.4.41-o102s-x86-vc14-r2/Apache24'
[Fri Aug 30 02:08:23.539571 2019] [mpm_winnt:notice] [pid 24888:tid 904] AH00418: Parent: Created child process 13712
AH00558: httpd.exe: Could not reliably determine the server's fully qualified domain name, using fe80::d8d9:f69e:d0e1:d673. Set the 'ServerName' directive globally to suppress this message
AH00558: httpd.exe: Could not reliably determine the server's fully qualified domain name, using fe80::d8d9:f69e:d0e1:d673. Set the 'ServerName' directive globally to suppress this message
[Fri Aug 30 02:08:25.602228 2019] [mpm_winnt:notice] [pid 13712:tid 872] AH00354: Child: Starting 64 worker threads.
[Fri Aug 30 02:08:25.678133 2019] [mpm_winnt:notice] [pid 14676:tid 876] AH00364: Child: All worker threads have exited.
[Fri Aug 30 02:08:43.759513 2019] [mpm_winnt:notice] [pid 24888:tid 904] AH00424: Parent: Received restart signal -- Restarting the server.
AH00558: httpd.exe: Could not reliably determine the server's fully qualified domain name, using fe80::d8d9:f69e:d0e1:d673. Set the 'ServerName' directive globally to suppress this message
[Fri Aug 30 02:08:44.611521 2019] [mpm_winnt:notice] [pid 24888:tid 904] AH00455: Apache/2.4.41 (Win32) configured -- resuming normal operations
[Fri Aug 30 02:08:44.611521 2019] [mpm_winnt:notice] [pid 24888:tid 904] AH00456: Server built: Aug  9 2019 13:58:07
[Fri Aug 30 02:08:44.611521 2019] [core:notice] [pid 24888:tid 904] AH00094: Command line: 'C:\\Users\\Ricardo\\Downloads\\httpd-2.4.41-o102s-x86-vc14-r2\\Apache24\\bin\\httpd.exe -d C:/Users/Ricardo/Downloads/httpd-2.4.41-o102s-x86-vc14-r2/Apache24'
[Fri Aug 30 02:08:44.615512 2019] [mpm_winnt:notice] [pid 24888:tid 904] AH00418: Parent: Created child process 25976
AH00558: httpd.exe: Could not reliably determine the server's fully qualified domain name, using fe80::d8d9:f69e:d0e1:d673. Set the 'ServerName' directive globally to suppress this message
AH00558: httpd.exe: Could not reliably determine the server's fully qualified domain name, using fe80::d8d9:f69e:d0e1:d673. Set the 'ServerName' directive globally to suppress this message
[Fri Aug 30 02:08:46.663089 2019] [mpm_winnt:notice] [pid 25976:tid 872] AH00354: Child: Starting 64 worker threads.
[Fri Aug 30 02:08:51.153434 2019] [authz_core:error] [pid 25976:tid 1412] [client 127.0.0.1:56161] AH01630: client denied by server configuration: C:/Users/Ricardo/Downloads/httpd-2.4.41-o102s-x86-vc14-r2/Apache24/PrimerSitio/public_html
[Fri Aug 30 02:08:51.192767 2019] [mpm_winnt:notice] [pid 13712:tid 872] AH00364: Child: All worker threads have exited.
[Fri Aug 30 02:11:38.015221 2019] [mpm_winnt:notice] [pid 24888:tid 904] AH00424: Parent: Received restart signal -- Restarting the server.
AH00558: httpd.exe: Could not reliably determine the server's fully qualified domain name, using fe80::d8d9:f69e:d0e1:d673. Set the 'ServerName' directive globally to suppress this message
[Fri Aug 30 02:11:38.869434 2019] [mpm_winnt:notice] [pid 24888:tid 904] AH00455: Apache/2.4.41 (Win32) configured -- resuming normal operations
[Fri Aug 30 02:11:38.869434 2019] [mpm_winnt:notice] [pid 24888:tid 904] AH00456: Server built: Aug  9 2019 13:58:07
[Fri Aug 30 02:11:38.869434 2019] [core:notice] [pid 24888:tid 904] AH00094: Command line: 'C:\\Users\\Ricardo\\Downloads\\httpd-2.4.41-o102s-x86-vc14-r2\\Apache24\\bin\\httpd.exe -d C:/Users/Ricardo/Downloads/httpd-2.4.41-o102s-x86-vc14-r2/Apache24'
[Fri Aug 30 02:11:38.872426 2019] [mpm_winnt:notice] [pid 24888:tid 904] AH00418: Parent: Created child process 10360
AH00558: httpd.exe: Could not reliably determine the server's fully qualified domain name, using fe80::d8d9:f69e:d0e1:d673. Set the 'ServerName' directive globally to suppress this message
AH00558: httpd.exe: Could not reliably determine the server's fully qualified domain name, using fe80::d8d9:f69e:d0e1:d673. Set the 'ServerName' directive globally to suppress this message
[Fri Aug 30 02:11:40.908752 2019] [mpm_winnt:notice] [pid 10360:tid 860] AH00354: Child: Starting 64 worker threads.
[Fri Aug 30 02:18:05.093551 2019] [mpm_winnt:notice] [pid 24888:tid 904] AH00422: Parent: Received shutdown signal -- Shutting down the server.
[Fri Aug 30 02:18:07.095489 2019] [mpm_winnt:notice] [pid 10360:tid 860] AH00364: Child: All worker threads have exited.
[Fri Aug 30 02:18:07.109859 2019] [mpm_winnt:notice] [pid 24888:tid 904] AH00430: Parent: Child process 10360 exited successfully.
